#
# There is insufficient memory for the Java Runtime Environment to continue.
# Native memory allocation (mmap) failed to map 268435456 bytes for Failed to commit area from 0x0000000701000000 to 0x0000000711000000 of length 268435456.
# Possible reasons:
#   The system is out of physical RAM or swap space
#   The process is running with CompressedOops enabled, and the Java Heap may be blocking the growth of the native heap
# Possible solutions:
#   Reduce memory load on the system
#   Increase physical memory or swap space
#   Check if swap backing store is full
#   Decrease Java heap size (-Xmx/-Xms)
#   Decrease number of Java threads
#   Decrease Java thread stack sizes (-Xss)
#   Set larger code cache with -XX:ReservedCodeCacheSize=
# This output file may be truncated or incomplete.
#
#  Out of Memory Error (src/hotspot/os/windows/os_windows.cpp:3624), pid=11852, tid=6940
#
# JRE version:  (11.0.14.1+1) (build )
# Java VM: OpenJDK 64-Bit Server VM (11.0.14.1+1-b2043.45, mixed mode, sharing, tiered, compressed oops, g1 gc, windows-amd64)
# No core dump will be written. Minidumps are not enabled by default on client versions of Windows
#

---------------  S U M M A R Y ------------

Command Line: git4idea.http.GitAskPassApp Username for 'https://github.com': 

Host: AMD Ryzen 7 1700X Eight-Core Processor         , 16 cores, 15G,  Windows 10 , 64 bit Build 18362 (10.0.18362.1500)
Time: Thu May 19 22:07:31 2022 RTZ 2 (ceia) elapsed time: 0.015329 seconds (0d 0h 0m 0s)

---------------  T H R E A D  ---------------

Current thread (0x00000246cc77f000):  JavaThread "Unknown thread" [_thread_in_vm, id=6940, stack(0x0000008d63200000,0x0000008d63300000)]

Stack: [0x0000008d63200000,0x0000008d63300000]
Native frames: (J=compiled Java code, j=interpreted, Vv=VM code, C=native code)
V  [jvm.dll+0x61618a]
V  [jvm.dll+0x79c450]
V  [jvm.dll+0x79da6d]
V  [jvm.dll+0x79e143]
V  [jvm.dll+0x24c968]
V  [jvm.dll+0x6131f4]
V  [jvm.dll+0x607ef5]
V  [jvm.dll+0x30b35b]
V  [jvm.dll+0x30b2ca]
V  [jvm.dll+0x30b1a2]
V  [jvm.dll+0x3100f6]
V  [jvm.dll+0x35b7e3]
V  [jvm.dll+0x35bee6]
V  [jvm.dll+0x35b8e3]
V  [jvm.dll+0x2e5b68]
V  [jvm.dll+0x2e6d17]
V  [jvm.dll+0x779087]
V  [jvm.dll+0x77a87c]
V  [jvm.dll+0x368d99]
V  [jvm.dll+0x75c9de]
V  [jvm.dll+0x3d6d53]
V  [jvm.dll+0x3d92f1]
C  [jli.dll+0x536b]
C  [ucrtbase.dll+0x210b2]
C  [KERNEL32.DLL+0x17c24]
C  [ntdll.dll+0x6d721]


---------------  P R O C E S S  ---------------

Threads class SMR info:
_java_thread_list=0x00000246ca5f6e10, length=0, elements={
}

Java Threads: ( => current thread )

Other Threads:
  0x00000246cc799000 GCTaskThread "GC Thread#0" [stack: 0x0000008d63300000,0x0000008d63400000] [id=9304]
  0x00000246cc7f7800 ConcurrentGCThread "G1 Main Marker" [stack: 0x0000008d63400000,0x0000008d63500000] [id=5280]
  0x00000246cc7f8800 ConcurrentGCThread "G1 Conc#0" [stack: 0x0000008d63500000,0x0000008d63600000] [id=19204]

[error occurred during error reporting (printing all threads), id 0xc0000005, EXCEPTION_ACCESS_VIOLATION (0xc0000005) at pc=0x00007ffc937e6177]

VM state:not at safepoint (not fully initialized)

VM Mutex/Monitor currently owned by a thread:  ([mutex/lock_event])
[0x00000246cc77bae0] Heap_lock - owner thread: 0x00000246cc77f000

Heap address: 0x0000000701000000, size: 4080 MB, Compressed Oops mode: Non-zero based: 0x0000000701000000
Narrow klass base: 0x0000000000000000, Narrow klass shift: 0

GC Heap History (0 events):
No events

Deoptimization events (0 events):
No events

Classes redefined (0 events):
No events

Internal exceptions (0 events):
No events

Events (1 events):
Event: 0.010 Loaded shared library C:\Program Files\JetBrains\WebStorm 2022.1.1\jbr\bin\zip.dll


Dynamic libraries:
0x00007ff719fb0000 - 0x00007ff719fba000 	C:\Program Files\JetBrains\WebStorm 2022.1.1\jbr\bin\java.exe
0x00007ffcbe520000 - 0x00007ffcbe710000 	C:\WINDOWS\SYSTEM32\ntdll.dll
0x00007ffcbdf90000 - 0x00007ffcbe042000 	C:\WINDOWS\System32\KERNEL32.DLL
0x00007ffcbc120000 - 0x00007ffcbc3c5000 	C:\WINDOWS\System32\KERNELBASE.dll
0x00007ffcbc4a0000 - 0x00007ffcbc59a000 	C:\WINDOWS\System32\ucrtbase.dll
0x00007ffca0a50000 - 0x00007ffca0a69000 	C:\Program Files\JetBrains\WebStorm 2022.1.1\jbr\bin\jli.dll
0x00007ffca01d0000 - 0x00007ffca01e6000 	C:\Program Files\JetBrains\WebStorm 2022.1.1\jbr\bin\VCRUNTIME140.dll
0x00007ffcbe0d0000 - 0x00007ffcbe264000 	C:\WINDOWS\System32\USER32.dll
0x00007ffcbc470000 - 0x00007ffcbc491000 	C:\WINDOWS\System32\win32u.dll
0x00007ffcad480000 - 0x00007ffcad704000 	C:\WINDOWS\WinSxS\amd64_microsoft.windows.common-controls_6595b64144ccf1df_6.0.18362.1556_none_9e7e372fe45e41d5\COMCTL32.dll
0x00007ffcbd500000 - 0x00007ffcbd526000 	C:\WINDOWS\System32\GDI32.dll
0x00007ffcbe270000 - 0x00007ffcbe30e000 	C:\WINDOWS\System32\msvcrt.dll
0x00007ffcbbf80000 - 0x00007ffcbc118000 	C:\WINDOWS\System32\gdi32full.dll
0x00007ffcbd540000 - 0x00007ffcbd876000 	C:\WINDOWS\System32\combase.dll
0x00007ffcbbd40000 - 0x00007ffcbbdde000 	C:\WINDOWS\System32\msvcp_win.dll
0x00007ffcbdda0000 - 0x00007ffcbdebf000 	C:\WINDOWS\System32\RPCRT4.dll
0x00007ffcbbde0000 - 0x00007ffcbbe61000 	C:\WINDOWS\System32\bcryptPrimitives.dll
0x00007ffcbda50000 - 0x00007ffcbda7e000 	C:\WINDOWS\System32\IMM32.DLL
0x00007ffc90220000 - 0x00007ffc902ca000 	C:\Program Files\JetBrains\WebStorm 2022.1.1\jbr\bin\msvcp140.dll
0x00007ffc934f0000 - 0x00007ffc9406a000 	C:\Program Files\JetBrains\WebStorm 2022.1.1\jbr\bin\server\jvm.dll
0x00007ffcbdec0000 - 0x00007ffcbdf63000 	C:\WINDOWS\System32\ADVAPI32.dll
0x00007ffcbdb50000 - 0x00007ffcbdbe7000 	C:\WINDOWS\System32\sechost.dll
0x00007ffcbda30000 - 0x00007ffcbda38000 	C:\WINDOWS\System32\PSAPI.DLL
0x00007ffcb7ab0000 - 0x00007ffcb7ad4000 	C:\WINDOWS\SYSTEM32\WINMM.dll
0x00007ffcb5db0000 - 0x00007ffcb5dba000 	C:\WINDOWS\SYSTEM32\VERSION.dll
0x00007ffcb7a80000 - 0x00007ffcb7aad000 	C:\WINDOWS\SYSTEM32\WINMMBASE.dll
0x00007ffcbc400000 - 0x00007ffcbc44a000 	C:\WINDOWS\System32\cfgmgr32.dll
0x00007ffc9ff10000 - 0x00007ffc9ff19000 	C:\WINDOWS\SYSTEM32\WSOCK32.dll
0x00007ffcbdd30000 - 0x00007ffcbdd9f000 	C:\WINDOWS\System32\WS2_32.dll
0x00007ffcbb420000 - 0x00007ffcbb431000 	C:\WINDOWS\System32\kernel.appcore.dll
0x00007ffcb3bb0000 - 0x00007ffcb3bc1000 	C:\Program Files\JetBrains\WebStorm 2022.1.1\jbr\bin\verify.dll
0x00007ffca4bd0000 - 0x00007ffca4dc4000 	C:\WINDOWS\SYSTEM32\DBGHELP.DLL
0x00007ffca5340000 - 0x00007ffca536a000 	C:\WINDOWS\SYSTEM32\dbgcore.DLL
0x00007ffcabdb0000 - 0x00007ffcabdd9000 	C:\Program Files\JetBrains\WebStorm 2022.1.1\jbr\bin\java.dll
0x00007ffcb7f00000 - 0x00007ffcb7f0b000 	C:\Program Files\JetBrains\WebStorm 2022.1.1\jbr\bin\jimage.dll
0x00007ffcb38c0000 - 0x00007ffcb38d9000 	C:\Program Files\JetBrains\WebStorm 2022.1.1\jbr\bin\zip.dll

dbghelp: loaded successfully - version: 4.0.5 - missing functions: none
symbol engine: initialized successfully - sym options: 0x614 - pdb path: .;C:\Program Files\JetBrains\WebStorm 2022.1.1\jbr\bin;C:\WINDOWS\SYSTEM32;C:\WINDOWS\WinSxS\amd64_microsoft.windows.common-controls_6595b64144ccf1df_6.0.18362.1556_none_9e7e372fe45e41d5;C:\Program Files\JetBrains\WebStorm 2022.1.1\jbr\bin\server

VM Arguments:
java_command: git4idea.http.GitAskPassApp Username for 'https://github.com': 
java_class_path (initial): C:/Program Files/JetBrains/WebStorm 2022.1.1/plugins/git4idea/lib/git4idea-rt.jar;C:/Program Files/JetBrains/WebStorm 2022.1.1/lib/externalProcess-rt.jar;C:/Program Files/JetBrains/WebStorm 2022.1.1/lib/app.jar;C:/Program Files/JetBrains/WebStorm 2022.1.1/lib/3rd-party-rt.jar
Launcher Type: SUN_STANDARD

[Global flags]
     intx CICompilerCount                          = 12                                        {product} {ergonomic}
     uint ConcGCThreads                            = 3                                         {product} {ergonomic}
     uint G1ConcRefinementThreads                  = 13                                        {product} {ergonomic}
   size_t G1HeapRegionSize                         = 1048576                                   {product} {ergonomic}
    uintx GCDrainStackTargetSize                   = 64                                        {product} {ergonomic}
   size_t InitialHeapSize                          = 268435456                                 {product} {ergonomic}
   size_t MarkStackSize                            = 4194304                                   {product} {ergonomic}
   size_t MaxHeapSize                              = 4278190080                                {product} {ergonomic}
   size_t MinHeapDeltaBytes                        = 1048576                                   {product} {ergonomic}
    uintx NonNMethodCodeHeapSize                   = 7594288                                {pd product} {ergonomic}
    uintx NonProfiledCodeHeapSize                  = 122031976                              {pd product} {ergonomic}
    uintx ProfiledCodeHeapSize                     = 122031976                              {pd product} {ergonomic}
    uintx ReservedCodeCacheSize                    = 251658240                              {pd product} {ergonomic}
     bool SegmentedCodeCache                       = true                                      {product} {ergonomic}
     bool UseCompressedClassPointers               = true                                 {lp64_product} {ergonomic}
     bool UseCompressedOops                        = true                                 {lp64_product} {ergonomic}
     bool UseG1GC                                  = true                                      {product} {ergonomic}
     bool UseLargePagesIndividualAllocation        = false                                  {pd product} {ergonomic}

Logging:
Log output configuration:
 #0: stdout all=warning uptime,level,tags
 #1: stderr all=off uptime,level,tags

Environment Variables:
PATH=D:\Programs\Git\mingw64\libexec\git-core;D:\Programs\Git\mingw64\libexec\git-core;D:\Programs\Git\mingw64\bin;D:\Programs\Git\usr\bin;C:\Users\Мария\bin;C:\Python310\Scripts;C:\Python310;C:\Program Files\Common Files\Oracle\Java\javapath;C:\Program Files (x86)\Windows Resource Kits\Tools;C:\Program Files (x86)\Common Files\Oracle\Java\javapath;C:\ProgramData\Oracle\Java\javapath;C:\Program Files (x86)\Common Files\Intel\Shared Libraries\redist\ia32\compiler;C:\Program Files (x86)\Common Files\Intel\Shared Libraries\redist\intel64\compiler;C:\Windows\system32;C:\Windows;C:\Windows\System32\Wbem;C:\Windows\System32\WindowsPowerShell\v1.0;C:\Program Files (x86)\NVIDIA Corporation\PhysX\Common;C:\Program Files\Microsoft SQL Server\130\Tools\Binn;C:\WINDOWS\system32;C:\WINDOWS;C:\WINDOWS\System32\Wbem;C:\WINDOWS\System32\WindowsPowerShell\v1.0;C:\WINDOWS\System32\OpenSSH;C:\Program Files\dotnet;C:\Program Files (x86)\Microsoft SQL Server\Client SDK\ODBC\130\Tools\Binn;C:\Program Files (x86)\Microsoft SQL Server\140\Tools\Binn;C:\Program Files (x86)\Microsoft SQL Server\140\DTS\Binn;C:\Program Files (x86)\Microsoft SQL Server\140\Tools\Binn\ManagementStudio;C:\Program Files\NVIDIA Corporation\NVIDIA NvDLISR;C:\WINDOWS\system32;C:\WINDOWS;C:\WINDOWS\System32\Wbem;C:\WINDOWS\System32\WindowsPowerShell\v1.0;C:\WINDOWS\System32\OpenSSH;D:\Programs\Git\cmd;C:\Program Files\nodejs;C:\ProgramData\chocolatey\bin;C:\Users\Мария\AppData\Local\Programs\Python\Python38-32\Scripts;C:\Users\Мария\AppData\Local\Programs\Python\Python38-32;C:\Users\Мария\AppData\Local\Microsoft\WindowsApps;C:\Program Files\JetBrains\PyCharm Community Edition 2019.3.3\bin;C:\Users\Мария\AppData\Local\GitHubDesktop\bin;C:\Gradle\gradle-7.4\bin;C:\Users\Мария\AppData\Roaming\npm;C:\Program Files\nodejs\node.exe
USERNAME=Мария
DISPLAY=:0.0
LC_ALL=en_US.UTF-8
OS=Windows_NT
PROCESSOR_IDENTIFIER=AMD64 Family 23 Model 1 Stepping 1, AuthenticAMD



---------------  S Y S T E M  ---------------

OS: Windows 10 , 64 bit Build 18362 (10.0.18362.1500)
OS uptime: 0 days 6:54 hours

CPU:total 16 (initial active 16) (16 cores per cpu, 2 threads per core) family 23 model 1 stepping 1 microcode 0x0, cmov, cx8, fxsr, mmx, sse, sse2, sse3, ssse3, sse4.1, sse4.2, popcnt, avx, avx2, aes, clmul, mmxext, 3dnowpref, lzcnt, sse4a, ht, tsc, tscinvbit, tscinv, bmi1, bmi2, adx, sha, fma

Memory: 4k page, system-wide physical 16316M (4423M free)
TotalPageFile size 16316M (AvailPageFile size 168M)
current process WorkingSet (physical memory assigned to process): 10M, peak: 10M
current process commit charge ("private bytes"): 71M, peak: 327M

vm_info: OpenJDK 64-Bit Server VM (11.0.14.1+1-b2043.45) for windows-amd64 JRE (11.0.14.1+1-b2043.45), built on Apr 25 2022 05:49:45 by "" with MS VC++ 14.0 (VS2015)

END.
